<?xml version="1.0" encoding="UTF-8"?>
<testng-results ignored="0" total="1" passed="1" failed="0" skipped="0">
  <reporter-output>
    <line>
      <![CDATA[Hello java]]>
    </line>
  </reporter-output>
  <suite started-at="2022-09-16T07:28:25 IST" name="Default suite" finished-at="2022-09-16T07:28:25 IST" duration-ms="58">
    <groups>
    </groups>
    <test started-at="2022-09-16T07:28:25 IST" name="Default test" finished-at="2022-09-16T07:28:25 IST" duration-ms="58">
      <class name="scripts.Test0">
        <test-method signature="tc1()[pri:0, instance:scripts.Test0@f381794]" started-at="2022-09-16T07:28:25 IST" name="tc1" finished-at="2022-09-16T07:28:25 IST" duration-ms="13" status="PASS">
          <reporter-output>
            <line>
              <![CDATA[Hello java]]>
            </line>
          </reporter-output>
        </test-method> <!-- tc1 -->
      </class> <!-- scripts.Test0 -->
    </test> <!-- Default test -->
  </suite> <!-- Default suite -->
</testng-results>
